{
  "RSpec": {
    "coverage": {
      "/Users/jamesriddle/turing/3module/challenges/viewing_party_lite/app/helpers/application_helper.rb": {
        "lines": [
          null,
          null,
          1,
          null
        ]
      },
      "/Users/jamesriddle/turing/3module/challenges/viewing_party_lite/app/models/party.rb": {
        "lines": [
          null,
          null,
          1,
          1,
          1,
          null,
          1,
          3,
          3,
          null,
          null,
          null,
          1,
          3,
          null,
          null
        ]
      },
      "/Users/jamesriddle/turing/3module/challenges/viewing_party_lite/app/models/application_record.rb": {
        "lines": [
          null,
          null,
          1,
          1,
          null
        ]
      },
      "/Users/jamesriddle/turing/3module/challenges/viewing_party_lite/app/models/user_party.rb": {
        "lines": [
          null,
          null,
          1,
          1,
          1,
          null
        ]
      },
      "/Users/jamesriddle/turing/3module/challenges/viewing_party_lite/app/models/user.rb": {
        "lines": [
          null,
          null,
          1,
          1,
          1,
          1,
          1,
          1,
          1,
          1,
          null
        ]
      },
      "/Users/jamesriddle/turing/3module/challenges/viewing_party_lite/app/poros/movie.rb": {
        "lines": [
          null,
          null,
          1,
          1,
          null,
          1,
          182,
          182,
          182,
          182,
          182,
          182,
          182,
          182,
          182,
          null,
          null,
          1,
          1,
          1,
          null,
          null,
          null,
          1,
          3,
          3,
          3,
          null,
          null
        ]
      },
      "/Users/jamesriddle/turing/3module/challenges/viewing_party_lite/app/facades/movie_facade.rb": {
        "lines": [
          null,
          null,
          1,
          1,
          3,
          null,
          3,
          60,
          null,
          null,
          null,
          1,
          2,
          null,
          2,
          74,
          null,
          null,
          null,
          1,
          17,
          17,
          null,
          null,
          1,
          4,
          4,
          40,
          null,
          null,
          null,
          1,
          4,
          4,
          28,
          null,
          null,
          null
        ]
      },
      "/Users/jamesriddle/turing/3module/challenges/viewing_party_lite/app/services/movie_service.rb": {
        "lines": [
          null,
          null,
          1,
          1,
          4,
          null,
          4,
          4,
          null,
          null,
          1,
          3,
          3,
          null,
          3,
          3,
          null,
          3,
          null,
          null,
          1,
          18,
          18,
          null,
          null,
          1,
          4,
          4,
          4,
          null,
          null,
          1,
          5,
          5,
          5,
          null,
          null,
          1,
          37,
          null,
          null,
          null,
          null,
          null,
          null,
          null,
          null,
          null,
          null,
          null,
          null
        ]
      },
      "/Users/jamesriddle/turing/3module/challenges/viewing_party_lite/app/controllers/users_controller.rb": {
        "lines": [
          null,
          null,
          1,
          1,
          42,
          null,
          null,
          1,
          35,
          35,
          29,
          29,
          29,
          null,
          6,
          6,
          null,
          null,
          null,
          1,
          34,
          null,
          null,
          1,
          null,
          6,
          null,
          null,
          1,
          3,
          null,
          3,
          1,
          null,
          2,
          null,
          null,
          null,
          1,
          3,
          3,
          3,
          3,
          null,
          null,
          1,
          null,
          null,
          1,
          2,
          2,
          1,
          1,
          1,
          null,
          1,
          1,
          null,
          null,
          null,
          1,
          4,
          4,
          null,
          null,
          1,
          null,
          1,
          35,
          null,
          null
        ]
      },
      "/Users/jamesriddle/turing/3module/challenges/viewing_party_lite/app/controllers/application_controller.rb": {
        "lines": [
          null,
          null,
          1,
          1,
          1,
          13,
          null,
          null,
          1,
          0,
          null,
          null
        ]
      },
      "/Users/jamesriddle/turing/3module/challenges/viewing_party_lite/app/controllers/landing_controller.rb": {
        "lines": [
          null,
          null,
          1,
          1,
          13,
          null,
          null
        ]
      },
      "/Users/jamesriddle/turing/3module/challenges/viewing_party_lite/app/controllers/parties_controller.rb": {
        "lines": [
          null,
          null,
          1,
          1,
          6,
          6,
          6,
          null,
          null,
          1,
          4,
          4,
          4,
          4,
          1,
          1,
          3,
          2,
          2,
          2,
          4,
          null,
          2,
          null,
          1,
          1,
          1,
          null,
          null,
          null,
          null,
          1,
          3,
          null,
          null,
          null,
          null,
          null,
          1,
          null,
          1,
          3,
          null,
          null
        ]
      }
    },
    "timestamp": 1658264046
  }
}
